<?xml version="1.0" encoding="UTF-8"?>
<testsuite name="individual.project.StatisticsTest" tests="6" skipped="0" failures="0" errors="0" timestamp="2020-12-21T14:51:50" hostname="DESKTOP-Q1LPFSA" time="0.037">
  <properties/>
  <testcase name="testAmountOfCookies()" classname="individual.project.StatisticsTest" time="0.025"/>
  <testcase name="testGetTotalRevenue()" classname="individual.project.StatisticsTest" time="0.003"/>
  <testcase name="testAmountOfCupcakes()" classname="individual.project.StatisticsTest" time="0.0"/>
  <testcase name="testAmountOfOrdersofNow()" classname="individual.project.StatisticsTest" time="0.003"/>
  <testcase name="testAmountOfCakes()" classname="individual.project.StatisticsTest" time="0.001"/>
  <testcase name="testAmountOfOther()" classname="individual.project.StatisticsTest" time="0.001"/>
  <system-out><![CDATA[]]></system-out>
  <system-err><![CDATA[]]></system-err>
</testsuite>
