<?xml version="1.0" encoding="UTF-8"?>
<testsuite name="individual.project.ItemTest" tests="4" skipped="0" failures="0" errors="0" timestamp="2020-11-25T15:39:17" hostname="DESKTOP-Q1LPFSA" time="0.027">
  <properties/>
  <testcase name="testSearchItem()" classname="individual.project.ItemTest" time="0.022"/>
  <testcase name="testFilterByPriceItem()" classname="individual.project.ItemTest" time="0.001"/>
  <testcase name="testFilterByTypeAndPriceItem()" classname="individual.project.ItemTest" time="0.001"/>
  <testcase name="testFilterByTypeItem()" classname="individual.project.ItemTest" time="0.0"/>
  <system-out><![CDATA[]]></system-out>
  <system-err><![CDATA[]]></system-err>
</testsuite>
