<?xml version="1.0" encoding="UTF-8"?>
<testsuite name="individual.project.BlaTest" tests="1" skipped="0" failures="0" errors="0" timestamp="2020-10-13T16:09:01" hostname="DESKTOP-Q1LPFSA" time="0.037">
  <properties/>
  <testcase name="test3()" classname="individual.project.BlaTest" time="0.037"/>
  <system-out><![CDATA[]]></system-out>
  <system-err><![CDATA[]]></system-err>
</testsuite>
