<?xml version="1.0" encoding="UTF-8"?>
<testsuite name="individual.project.OrderTest" tests="1" skipped="0" failures="0" errors="0" timestamp="2020-11-19T14:38:52" hostname="DESKTOP-Q1LPFSA" time="0.021">
  <properties/>
  <testcase name="testGetTotalPrice()" classname="individual.project.OrderTest" time="0.021"/>
  <system-out><![CDATA[]]></system-out>
  <system-err><![CDATA[]]></system-err>
</testsuite>
